[13620:1] 2024-12-01 02:33:11.438 [0x5CC8(3) InitializeLog] [SET_LOGPATH] %programdata%\Geni\Insights\logs\cmon.cmd.exe.log
[13620:1] 2024-12-01 02:33:11.439 [0x5CC8(0) CxCommonApi::LogModuleInfo] [MODULE LOADING] ModuleName cmon64.dll, Version [2.0.0.1], ModulePath C:\Program Files\Geni\Insights\temp\cmon64.dll ModifiedTime 2024-09-23 16:53:04
[13620:1] 2024-12-01 02:33:11.440 [0x5CC8(183) CxConsoleMonitor::Initialize] [Initialize]
[13620:1] 2024-12-01 02:33:11.440 [0x5CC8(183) CxSensorPipeClient::Initialize] [Initialize]
[13620:1] 2024-12-01 02:33:11.441 [0x5CC8(0) CxThreadPool::Initialize] Queue init : OutputQue 0, nThreadPoolSize : 1
[13620:1] 2024-12-01 02:33:11.442 [0x5CC8(183) CxThreadPool::CreateThreadPool] Create 1 WorkerThread
[13620:1] 2024-12-01 02:33:11.442 [0x5CC8(183) CxConsoleMonitor::InstallHook] [InstallHook]
[13620:1] 2024-12-01 02:33:11.443 [0x5CC8(126) CxConsoleMonitor::xGetProcAddress] [GET_PROC_ADDR] ReadConsoleW from kernelbase.dll
[13620:1] 2024-12-01 02:33:11.444 [0x5CC8(183) CxConsoleMonitor::InstallHook] [INSTALL_HOOK] ReadConsoleW : cmd.exe:13620
[13620:1] 2024-12-01 02:33:11.444 [0x5CC8(183) CxConsoleMonitor::xGetProcAddress] [GET_PROC_ADDR] ReadConsoleInputW from kernelbase.dll
[13620:1] 2024-12-01 02:33:11.445 [0x5CC8(183) CxConsoleMonitor::InstallHook] [INSTALL_HOOK] RealReadConsoleInputW : cmd.exe:13620
[13620:1] 2024-12-01 02:33:11.445 [0x5CC8(183) CxConsoleMonitor::InstallHook] [SUCCESS]
[13620:1] 2024-12-01 02:33:11.446 [0x5CC8(183) CxConsoleMonitor::GetCmonProfileInfo] [REQ_CMON_PROFILE] 
[13620:1] 2024-12-01 02:33:11.446 [0x5CC8(0) CxConsoleMonitor::Initialize] [/Initialize] SUCCESS
[13620:1] 2024-12-01 02:33:11.447 [0x5EE8(87) CxThreadPool::ThreadEntry] Worker Thread begins
[13620:1] 2024-12-01 02:33:11.449 [0x5EE8(1) CxSensorPipeClient::SendJson] [SEND][ReqType:4] {
   "PID" : 13620,
   "ProcPath" : "C:\\WINDOWS\\System32\\cmd.exe",
   "ReqType" : "xSensorRequestType_GetCmonProfile"
}

[13620:1] 2024-12-01 02:33:11.449 [0x5EE8(183) CxSensorPipeClient::SendJson] [RECV] {
   "MaxConsoleInputLength" : 1000
}

[13620:1] 2024-12-01 02:33:11.450 [0x5EE8(183) CxConsoleMonitor::PipeResponseCallback] [RES_CALLBACK]
[13620:1] 2024-12-01 02:33:11.450 [0x5EE8(183) CxConsoleMonitor::PipeResponseCallback] [CMON_PROFILE] MaxConsoleInputLength : 1000
[13620:1] 2024-12-01 02:33:11.455 [0x5CC8(126) CxConsoleMonitor::Uninitialize] [Uninitialize]
[13620:1] 2024-12-01 02:33:11.455 [0x5CC8(183) CxSensorPipeClient::Uninitialize] [Uninitialize]
[13620:1] 2024-12-01 02:33:11.456 [0x5CC8(183) CxSensorPipeClient::Uninitialize] [/Uninitialize]
[13620:1] 2024-12-01 02:33:11.456 [0x5CC8(183) CxConsoleMonitor::Uninitialize] [/Uninitialize] SUCCESS
